# JRE version: OpenJDK Runtime Environment (21.0.5) (build 21.0.5+-12932927-b750.29)
# Java VM: OpenJDK 64-Bit Server VM (21.0.5+-12932927-b750.29, mixed mode, tiered, compressed oops, compressed class ptrs, g1 gc, windows-amd64)
GC Precious Log:
 CardTable entry size: 512
 Card Set container configuration: InlinePtr #cards 5 size 8 Array Of Cards #cards 12 size 40 Howl #buckets 4 coarsen threshold 1843 Howl Bitmap #cards 512 size 80 coarsen threshold 460 Card regions per heap region 1 cards per card region 2048
 CPUs: 16 total, 16 available
 Memory: 15789M
 Large Page Support: Disabled
 NUMA Support: Disabled
 Compressed Oops: Enabled (32-bit)
 Heap Region Size: 1M
 Heap Min Capacity: 8M
 Heap Initial Capacity: 248M
 Heap Max Capacity: 2G
 Pre-touch: Disabled
 Parallel Workers: 13
 Concurrent Workers: 3
 Concurrent Refinement Workers: 13
 Periodic GC: Disabled
Heap:
 garbage-first heap   total 258048K, used 198786K [0x0000000080000000, 0x0000000100000000)
  region size 1024K, 44 young (45056K), 6 survivors (6144K)
 Metaspace       used 117154K, committed 119552K, reserved 1179648K
  class space    used 15646K, committed 16832K, reserved 1048576K
GC Heap History (20 events):
Event: 45.728 GC heap before
{Heap before GC invocations=39 (full 0):
 garbage-first heap   total 193536K, used 174631K [0x0000000080000000, 0x0000000100000000)
  region size 1024K, 50 young (51200K), 8 survivors (8192K)
 Metaspace       used 102669K, committed 104896K, reserved 1179648K
  class space    used 13987K, committed 15104K, reserved 1048576K
}
Event: 45.735 GC heap after
{Heap after GC invocations=40 (full 0):
 garbage-first heap   total 193536K, used 135865K [0x0000000080000000, 0x0000000100000000)
  region size 1024K, 5 young (5120K), 5 survivors (5120K)
 Metaspace       used 102669K, committed 104896K, reserved 1179648K
  class space    used 13987K, committed 15104K, reserved 1048576K
}
Event: 45.957 GC heap before
{Heap before GC invocations=41 (full 0):
 garbage-first heap   total 229376K, used 174777K [0x0000000080000000, 0x0000000100000000)
  region size 1024K, 43 young (44032K), 5 survivors (5120K)
 Metaspace       used 102669K, committed 104896K, reserved 1179648K
  class space    used 13987K, committed 15104K, reserved 1048576K
}
Event: 45.960 GC heap after
{Heap after GC invocations=42 (full 0):
 garbage-first heap   total 229376K, used 137117K [0x0000000080000000, 0x0000000100000000)
  region size 1024K, 4 young (4096K), 4 survivors (4096K)
 Metaspace       used 102669K, committed 104896K, reserved 1179648K
  class space    used 13987K, committed 15104K, reserved 1048576K
}
Event: 46.392 GC heap before
{Heap before GC invocations=42 (full 0):
 garbage-first heap   total 229376K, used 206749K [0x0000000080000000, 0x0000000100000000)
  region size 1024K, 72 young (73728K), 4 survivors (4096K)
 Metaspace       used 102669K, committed 104896K, reserved 1179648K
  class space    used 13987K, committed 15104K, reserved 1048576K
}
Event: 46.396 GC heap after
{Heap after GC invocations=43 (full 0):
 garbage-first heap   total 229376K, used 138511K [0x0000000080000000, 0x0000000100000000)
  region size 1024K, 6 young (6144K), 6 survivors (6144K)
 Metaspace       used 102669K, committed 104896K, reserved 1179648K
  class space    used 13987K, committed 15104K, reserved 1048576K
}
Event: 46.794 GC heap before
{Heap before GC invocations=43 (full 0):
 garbage-first heap   total 229376K, used 208143K [0x0000000080000000, 0x0000000100000000)
  region size 1024K, 74 young (75776K), 6 survivors (6144K)
 Metaspace       used 102669K, committed 104896K, reserved 1179648K
  class space    used 13987K, committed 15104K, reserved 1048576K
}
Event: 46.799 GC heap after
{Heap after GC invocations=44 (full 0):
 garbage-first heap   total 229376K, used 139906K [0x0000000080000000, 0x0000000100000000)
  region size 1024K, 7 young (7168K), 7 survivors (7168K)
 Metaspace       used 102669K, committed 104896K, reserved 1179648K
  class space    used 13987K, committed 15104K, reserved 1048576K
}
Event: 47.216 GC heap before
{Heap before GC invocations=44 (full 0):
 garbage-first heap   total 229376K, used 209538K [0x0000000080000000, 0x0000000100000000)
  region size 1024K, 75 young (76800K), 7 survivors (7168K)
 Metaspace       used 102669K, committed 104896K, reserved 1179648K
  class space    used 13987K, committed 15104K, reserved 1048576K
}
Event: 47.221 GC heap after
{Heap after GC invocations=45 (full 0):
 garbage-first heap   total 229376K, used 142071K [0x0000000080000000, 0x0000000100000000)
  region size 1024K, 7 young (7168K), 7 survivors (7168K)
 Metaspace       used 102669K, committed 104896K, reserved 1179648K
  class space    used 13987K, committed 15104K, reserved 1048576K
}
Event: 47.964 GC heap before
{Heap before GC invocations=46 (full 0):
 garbage-first heap   total 239616K, used 208631K [0x0000000080000000, 0x0000000100000000)
  region size 1024K, 71 young (72704K), 7 survivors (7168K)
 Metaspace       used 104981K, committed 107200K, reserved 1179648K
  class space    used 14158K, committed 15296K, reserved 1048576K
}
Event: 47.970 GC heap after
{Heap after GC invocations=47 (full 0):
 garbage-first heap   total 239616K, used 145263K [0x0000000080000000, 0x0000000100000000)
  region size 1024K, 8 young (8192K), 8 survivors (8192K)
 Metaspace       used 104981K, committed 107200K, reserved 1179648K
  class space    used 14158K, committed 15296K, reserved 1048576K
}
Event: 49.125 GC heap before
{Heap before GC invocations=47 (full 0):
 garbage-first heap   total 239616K, used 216943K [0x0000000080000000, 0x0000000100000000)
  region size 1024K, 79 young (80896K), 8 survivors (8192K)
 Metaspace       used 112512K, committed 114880K, reserved 1179648K
  class space    used 15238K, committed 16448K, reserved 1048576K
}
Event: 49.132 GC heap after
{Heap after GC invocations=48 (full 0):
 garbage-first heap   total 239616K, used 147330K [0x0000000080000000, 0x0000000100000000)
  region size 1024K, 4 young (4096K), 4 survivors (4096K)
 Metaspace       used 112512K, committed 114880K, reserved 1179648K
  class space    used 15238K, committed 16448K, reserved 1048576K
}
Event: 49.317 GC heap before
{Heap before GC invocations=48 (full 0):
 garbage-first heap   total 239616K, used 162690K [0x0000000080000000, 0x0000000100000000)
  region size 1024K, 21 young (21504K), 4 survivors (4096K)
 Metaspace       used 114352K, committed 116736K, reserved 1179648K
  class space    used 15417K, committed 16640K, reserved 1048576K
}
Event: 49.321 GC heap after
{Heap after GC invocations=49 (full 0):
 garbage-first heap   total 239616K, used 148437K [0x0000000080000000, 0x0000000100000000)
  region size 1024K, 5 young (5120K), 5 survivors (5120K)
 Metaspace       used 114352K, committed 116736K, reserved 1179648K
  class space    used 15417K, committed 16640K, reserved 1048576K
}
Event: 51.419 GC heap before
{Heap before GC invocations=50 (full 0):
 garbage-first heap   total 258048K, used 224213K [0x0000000080000000, 0x0000000100000000)
  region size 1024K, 74 young (75776K), 5 survivors (5120K)
 Metaspace       used 116688K, committed 119040K, reserved 1179648K
  class space    used 15595K, committed 16768K, reserved 1048576K
}
Event: 51.428 GC heap after
{Heap after GC invocations=51 (full 0):
 garbage-first heap   total 258048K, used 156901K [0x0000000080000000, 0x0000000100000000)
  region size 1024K, 10 young (10240K), 10 survivors (10240K)
 Metaspace       used 116688K, committed 119040K, reserved 1179648K
  class space    used 15595K, committed 16768K, reserved 1048576K
}
Event: 52.030 GC heap before
{Heap before GC invocations=51 (full 0):
 garbage-first heap   total 258048K, used 231653K [0x0000000080000000, 0x0000000100000000)
  region size 1024K, 84 young (86016K), 10 survivors (10240K)
 Metaspace       used 116731K, committed 119104K, reserved 1179648K
  class space    used 15599K, committed 16768K, reserved 1048576K
}
Event: 52.039 GC heap after
{Heap after GC invocations=52 (full 0):
 garbage-first heap   total 258048K, used 161922K [0x0000000080000000, 0x0000000100000000)
  region size 1024K, 6 young (6144K), 6 survivors (6144K)
 Metaspace       used 116731K, committed 119104K, reserved 1179648K
  class space    used 15599K, committed 16768K, reserved 1048576K
}

